2025-08-06 16:42:12 -  - exec CUpdateClientPartner::SearchModulesEx
2025-08-06 16:42:12 -  - exec CUpdateClientPartner::__CollectRequestData
2025-08-06 16:42:12 -  - utf=Y&lang=ru&stable=Y&CANGZIP=Y&SUPD_DBS=MYSQL&XE=N&CLIENT_SITE=localhost&LICENSE_KEY=X&SUPD_STS=1&SUPD_URS=0&TYPENC=D&CLIENT_PHPVER=8.1.33&NGINX=Y&dbv=8.0.42&instm=main%2C25.100.500%2CY%3Bb24connector%2C24.0.100%2CN%3Bbitrix.sitecorporate%2C24.0.0%2CN%3Bbitrixcloud%2C25.0.0%2CN%3Bblog%2C24.300.100%2CN%3Bclouds%2C25.100.0%2CN%3Bfileman%2C25.0.0%2CN%3Bform%2C25.0.0%2CN%3Bforum%2C25.200.0%2CN%3Bhighloadblock%2C24.100.0%2CN%3Biblock%2C25.0.100%2CN%3Blanding%2C24.800.300%2CN%3Blocation%2C25.100.0%2CN%3Bmessageservice%2C24.900.100%2CN%3Bmobileapp%2C24.200.0%2CN%3Bperfmon%2C24.200.0%2CN%3Bphotogallery%2C25.0.0%2CN%3Brest%2C25.300.100%2CN%3Bsearch%2C25.0.0%2CN%3Bsecurity%2C24.0.300%2CN%3Bseo%2C24.700.100%2CN%3Bsocialservices%2C24.200.100%2CN%3Bsubscribe%2C24.0.0%2CN%3Btranslate%2C25.0.0%2CN%3Bui%2C25.50.200%2CN%3Bvote%2C25.0.0%2CN&search_module_id=&search_module=&search_category=7%2C14&search_type=&search_order=DESC&search_order_by=SORT&search_page=1&SUPD_SRS=RU&SUPD_CMP=N
2025-08-06 16:42:12 -  - exec CUpdateClientPartner::GetHTTPPage
2025-08-06 16:42:13 -  - TIME SearchModulesEx(request) 0.359 sec
2025-08-06 16:42:13 -  - exec CUpdateClientPartner::ParseServerData
2025-08-06 16:42:13 - GUL02 - [LICENSE_NOT_FOUND] Лицензия не найдена
2025-08-06 16:42:29 -  - exec CUpdateClientPartner::SearchModulesEx
2025-08-06 16:42:29 -  - exec CUpdateClientPartner::__CollectRequestData
2025-08-06 16:42:29 -  - utf=Y&lang=ru&stable=Y&CANGZIP=Y&SUPD_DBS=MYSQL&XE=N&CLIENT_SITE=localhost&LICENSE_KEY=X&SUPD_STS=1&SUPD_URS=0&TYPENC=D&CLIENT_PHPVER=8.1.33&NGINX=Y&dbv=8.0.42&instm=main%2C25.100.500%2CY%3Bb24connector%2C24.0.100%2CN%3Bbitrix.sitecorporate%2C24.0.0%2CN%3Bbitrixcloud%2C25.0.0%2CN%3Bblog%2C24.300.100%2CN%3Bclouds%2C25.100.0%2CN%3Bfileman%2C25.0.0%2CN%3Bform%2C25.0.0%2CN%3Bforum%2C25.200.0%2CN%3Bhighloadblock%2C24.100.0%2CN%3Biblock%2C25.0.100%2CN%3Blanding%2C24.800.300%2CN%3Blocation%2C25.100.0%2CN%3Bmessageservice%2C24.900.100%2CN%3Bmobileapp%2C24.200.0%2CN%3Bperfmon%2C24.200.0%2CN%3Bphotogallery%2C25.0.0%2CN%3Brest%2C25.300.100%2CN%3Bsearch%2C25.0.0%2CN%3Bsecurity%2C24.0.300%2CN%3Bseo%2C24.700.100%2CN%3Bsocialservices%2C24.200.100%2CN%3Bsubscribe%2C24.0.0%2CN%3Btranslate%2C25.0.0%2CN%3Bui%2C25.50.200%2CN%3Bvote%2C25.0.0%2CN&search_module_id=&search_module=&search_category=7%2C14&search_type=&search_order=DESC&search_order_by=SORT&search_page=1&SUPD_SRS=RU&SUPD_CMP=N
2025-08-06 16:42:29 -  - exec CUpdateClientPartner::GetHTTPPage
2025-08-06 16:42:30 -  - TIME SearchModulesEx(request) 0.195 sec
2025-08-06 16:42:30 -  - exec CUpdateClientPartner::ParseServerData
2025-08-06 16:42:30 - GUL02 - [LICENSE_NOT_FOUND] Лицензия не найдена
2025-08-06 16:43:01 -  - exec CUpdateClientPartner::SearchModulesEx
2025-08-06 16:43:01 -  - exec CUpdateClientPartner::__CollectRequestData
2025-08-06 16:43:01 -  - utf=Y&lang=ru&stable=Y&CANGZIP=Y&SUPD_DBS=MYSQL&XE=N&CLIENT_SITE=localhost&LICENSE_KEY=X&SUPD_STS=1&SUPD_URS=0&TYPENC=D&CLIENT_PHPVER=8.1.33&NGINX=Y&dbv=8.0.42&instm=main%2C25.100.500%2CY%3Bb24connector%2C24.0.100%2CN%3Bbitrix.sitecorporate%2C24.0.0%2CN%3Bbitrixcloud%2C25.0.0%2CN%3Bblog%2C24.300.100%2CN%3Bclouds%2C25.100.0%2CN%3Bfileman%2C25.0.0%2CN%3Bform%2C25.0.0%2CN%3Bforum%2C25.200.0%2CN%3Bhighloadblock%2C24.100.0%2CN%3Biblock%2C25.0.100%2CN%3Blanding%2C24.800.300%2CN%3Blocation%2C25.100.0%2CN%3Bmessageservice%2C24.900.100%2CN%3Bmobileapp%2C24.200.0%2CN%3Bperfmon%2C24.200.0%2CN%3Bphotogallery%2C25.0.0%2CN%3Brest%2C25.300.100%2CN%3Bsearch%2C25.0.0%2CN%3Bsecurity%2C24.0.300%2CN%3Bseo%2C24.700.100%2CN%3Bsocialservices%2C24.200.100%2CN%3Bsubscribe%2C24.0.0%2CN%3Btranslate%2C25.0.0%2CN%3Bui%2C25.50.200%2CN%3Bvote%2C25.0.0%2CN&search_module_id=&search_module=&search_category=7%2C14&search_type=&search_order=DESC&search_order_by=SORT&search_page=1&SUPD_SRS=RU&SUPD_CMP=N
2025-08-06 16:43:01 -  - exec CUpdateClientPartner::GetHTTPPage
2025-08-06 16:43:01 -  - TIME SearchModulesEx(request) 0.241 sec
2025-08-06 16:43:01 -  - exec CUpdateClientPartner::ParseServerData
2025-08-06 16:43:01 - GUL02 - [LICENSE_NOT_FOUND] Лицензия не найдена
